

*******************************************************************************
Thu May 13 12:34:21 2021


FIT:    data read from 'permeation.dat' u ($1/100):2
        format = x:z
        #datapoints = 40000
        residuals are weighted equally (unit weight)

function used for fitting: l(x)
	l(x) = x0 + m*x
fitted parameters initialized with current variable values

iter      chisq       delta/lim  lambda   x0            m            
   0 3.6861334183e+10   0.00e+00  1.63e+02    1.000000e+00   1.000000e+00
   4 1.7585391992e+07  -1.42e-06  1.63e-02   -3.037563e+01   5.272963e+00

After 4 iterations the fit converged.
final sum of squares of residuals : 1.75854e+07
rel. change during last iteration : -1.42102e-11

degrees of freedom    (FIT_NDF)                        : 39998
rms of residuals      (FIT_STDFIT) = sqrt(WSSR/ndf)    : 20.968
variance of residuals (reduced chisquare) = WSSR/ndf   : 439.657

Final set of parameters            Asymptotic Standard Error
=======================            ==========================
x0              = -30.3756         +/- 0.2097       (0.6903%)
m               = 5.27296          +/- 0.0009079    (0.01722%)

correlation matrix of the fit parameters:
                x0     m      
x0              1.000 
m              -0.866  1.000 


*******************************************************************************
Thu May 13 12:36:06 2021


FIT:    data read from 'permeation.dat' u ($1/100):2
        format = x:z
        #datapoints = 40000
        residuals are weighted equally (unit weight)

function used for fitting: l(x)
	l(x) = x0 + m*x
fitted parameters initialized with current variable values

iter      chisq       delta/lim  lambda   x0            m            
   0 3.6861334183e+10   0.00e+00  1.63e+02    1.000000e+00   1.000000e+00
   4 1.7585391992e+07  -1.42e-06  1.63e-02   -3.037563e+01   5.272963e+00

After 4 iterations the fit converged.
final sum of squares of residuals : 1.75854e+07
rel. change during last iteration : -1.42102e-11

degrees of freedom    (FIT_NDF)                        : 39998
rms of residuals      (FIT_STDFIT) = sqrt(WSSR/ndf)    : 20.968
variance of residuals (reduced chisquare) = WSSR/ndf   : 439.657

Final set of parameters            Asymptotic Standard Error
=======================            ==========================
x0              = -30.3756         +/- 0.2097       (0.6903%)
m               = 5.27296          +/- 0.0009079    (0.01722%)

correlation matrix of the fit parameters:
                x0     m      
x0              1.000 
m              -0.866  1.000 


*******************************************************************************
Thu May 13 12:36:26 2021


FIT:    data read from 'permeation.dat' u ($1/100):3
        format = x:z
        #datapoints = 40000
        residuals are weighted equally (unit weight)

function used for fitting: l(x)
	l(x) = x0 + m*x
fitted parameters initialized with current variable values

iter      chisq       delta/lim  lambda   x0            m            
   0 5.2662242163e+07   0.00e+00  8.61e+02   -3.037563e+01   5.272963e+00
   3 1.5487223782e+07  -8.10e-04  8.61e-01    2.880776e+01   5.082747e+00

After 3 iterations the fit converged.
final sum of squares of residuals : 1.54872e+07
rel. change during last iteration : -8.0976e-09

degrees of freedom    (FIT_NDF)                        : 39998
rms of residuals      (FIT_STDFIT) = sqrt(WSSR/ndf)    : 19.6774
variance of residuals (reduced chisquare) = WSSR/ndf   : 387.2

Final set of parameters            Asymptotic Standard Error
=======================            ==========================
x0              = 28.8078          +/- 0.1968       (0.683%)
m               = 5.08275          +/- 0.0008521    (0.01676%)

correlation matrix of the fit parameters:
                x0     m      
x0              1.000 
m              -0.866  1.000 
